ERROR:root:Finding followers failed: Message: no such window: target window already closed
from unknown error: web view not found
  (Session info: chrome=132.0.6834.110)
Stacktrace:
	GetHandleVerifier [0x00007FF776E4CC05+28741]
	(No symbol) [0x00007FF776DAFED0]
	(No symbol) [0x00007FF776C44FBA]
	(No symbol) [0x00007FF776C1ED55]
	(No symbol) [0x00007FF776CC6DE7]
	(No symbol) [0x00007FF776CDF8B2]
	(No symbol) [0x00007FF776CBFBD3]
	(No symbol) [0x00007FF776C89F43]
	(No symbol) [0x00007FF776C8B2D1]
	GetHandleVerifier [0x00007FF77717DE3D+3375741]
	GetHandleVerifier [0x00007FF77719096A+3452330]
	GetHandleVerifier [0x00007FF77718671D+3410781]
	GetHandleVerifier [0x00007FF776F1653B+854395]
	(No symbol) [0x00007FF776DBBE0F]
	(No symbol) [0x00007FF776DB7714]
	(No symbol) [0x00007FF776DB78AD]
	(No symbol) [0x00007FF776DA6189]
	BaseThreadInitThunk [0x00007FFDEBDCE8D7+23]
	RtlUserThreadStart [0x00007FFDECF1FBCC+44]

ERROR:root:Logout failed: Message: no such window: target window already closed
from unknown error: web view not found
  (Session info: chrome=132.0.6834.110)
Stacktrace:
	GetHandleVerifier [0x00007FF776E4CC05+28741]
	(No symbol) [0x00007FF776DAFED0]
	(No symbol) [0x00007FF776C44FBA]
	(No symbol) [0x00007FF776C1ED55]
	(No symbol) [0x00007FF776CC6DE7]
	(No symbol) [0x00007FF776CDF8B2]
	(No symbol) [0x00007FF776CBFBD3]
	(No symbol) [0x00007FF776C89F43]
	(No symbol) [0x00007FF776C8B2D1]
	GetHandleVerifier [0x00007FF77717DE3D+3375741]
	GetHandleVerifier [0x00007FF77719096A+3452330]
	GetHandleVerifier [0x00007FF77718671D+3410781]
	GetHandleVerifier [0x00007FF776F1653B+854395]
	(No symbol) [0x00007FF776DBBE0F]
	(No symbol) [0x00007FF776DB7714]
	(No symbol) [0x00007FF776DB78AD]
	(No symbol) [0x00007FF776DA6189]
	BaseThreadInitThunk [0x00007FFDEBDCE8D7+23]
	RtlUserThreadStart [0x00007FFDECF1FBCC+44]

ERROR:root:Finding followers failed: Message: 
Stacktrace:
	GetHandleVerifier [0x00007FF776E4CC05+28741]
	(No symbol) [0x00007FF776DAFED0]
	(No symbol) [0x00007FF776C44FBA]
	(No symbol) [0x00007FF776C99256]
	(No symbol) [0x00007FF776C9948C]
	(No symbol) [0x00007FF776CE3267]
	(No symbol) [0x00007FF776CBFE6F]
	(No symbol) [0x00007FF776CDFFE1]
	(No symbol) [0x00007FF776CBFBD3]
	(No symbol) [0x00007FF776C89F43]
	(No symbol) [0x00007FF776C8B2D1]
	GetHandleVerifier [0x00007FF77717DE3D+3375741]
	GetHandleVerifier [0x00007FF77719096A+3452330]
	GetHandleVerifier [0x00007FF77718671D+3410781]
	GetHandleVerifier [0x00007FF776F1653B+854395]
	(No symbol) [0x00007FF776DBBE0F]
	(No symbol) [0x00007FF776DB7714]
	(No symbol) [0x00007FF776DB78AD]
	(No symbol) [0x00007FF776DA6189]
	BaseThreadInitThunk [0x00007FFDEBDCE8D7+23]
	RtlUserThreadStart [0x00007FFDECF1FBCC+44]

ERROR:root:Logout failed: Message: 
Stacktrace:
	GetHandleVerifier [0x00007FF776E4CC05+28741]
	(No symbol) [0x00007FF776DAFED0]
	(No symbol) [0x00007FF776C44FBA]
	(No symbol) [0x00007FF776C99256]
	(No symbol) [0x00007FF776C9948C]
	(No symbol) [0x00007FF776CE3267]
	(No symbol) [0x00007FF776CBFE6F]
	(No symbol) [0x00007FF776CDFFE1]
	(No symbol) [0x00007FF776CBFBD3]
	(No symbol) [0x00007FF776C89F43]
	(No symbol) [0x00007FF776C8B2D1]
	GetHandleVerifier [0x00007FF77717DE3D+3375741]
	GetHandleVerifier [0x00007FF77719096A+3452330]
	GetHandleVerifier [0x00007FF77718671D+3410781]
	GetHandleVerifier [0x00007FF776F1653B+854395]
	(No symbol) [0x00007FF776DBBE0F]
	(No symbol) [0x00007FF776DB7714]
	(No symbol) [0x00007FF776DB78AD]
	(No symbol) [0x00007FF776DA6189]
	BaseThreadInitThunk [0x00007FFDEBDCE8D7+23]
	RtlUserThreadStart [0x00007FFDECF1FBCC+44]

ERROR:root:Finding followers failed: Message: no such window: target window already closed
from unknown error: web view not found
  (Session info: chrome=132.0.6834.110)
Stacktrace:
	GetHandleVerifier [0x00007FF776E4CC05+28741]
	(No symbol) [0x00007FF776DAFED0]
	(No symbol) [0x00007FF776C44FBA]
	(No symbol) [0x00007FF776C1ED55]
	(No symbol) [0x00007FF776CC6DE7]
	(No symbol) [0x00007FF776CDF8B2]
	(No symbol) [0x00007FF776CBFBD3]
	(No symbol) [0x00007FF776C89F43]
	(No symbol) [0x00007FF776C8B2D1]
	GetHandleVerifier [0x00007FF77717DE3D+3375741]
	GetHandleVerifier [0x00007FF77719096A+3452330]
	GetHandleVerifier [0x00007FF77718671D+3410781]
	GetHandleVerifier [0x00007FF776F1653B+854395]
	(No symbol) [0x00007FF776DBBE0F]
	(No symbol) [0x00007FF776DB7714]
	(No symbol) [0x00007FF776DB78AD]
	(No symbol) [0x00007FF776DA6189]
	BaseThreadInitThunk [0x00007FFDEBDCE8D7+23]
	RtlUserThreadStart [0x00007FFDECF1FBCC+44]

ERROR:root:Logout failed: Message: no such window: target window already closed
from unknown error: web view not found
  (Session info: chrome=132.0.6834.110)
Stacktrace:
	GetHandleVerifier [0x00007FF776E4CC05+28741]
	(No symbol) [0x00007FF776DAFED0]
	(No symbol) [0x00007FF776C44FBA]
	(No symbol) [0x00007FF776C1ED55]
	(No symbol) [0x00007FF776CC6DE7]
	(No symbol) [0x00007FF776CDF8B2]
	(No symbol) [0x00007FF776CBFBD3]
	(No symbol) [0x00007FF776C89F43]
	(No symbol) [0x00007FF776C8B2D1]
	GetHandleVerifier [0x00007FF77717DE3D+3375741]
	GetHandleVerifier [0x00007FF77719096A+3452330]
	GetHandleVerifier [0x00007FF77718671D+3410781]
	GetHandleVerifier [0x00007FF776F1653B+854395]
	(No symbol) [0x00007FF776DBBE0F]
	(No symbol) [0x00007FF776DB7714]
	(No symbol) [0x00007FF776DB78AD]
	(No symbol) [0x00007FF776DA6189]
	BaseThreadInitThunk [0x00007FFDEBDCE8D7+23]
	RtlUserThreadStart [0x00007FFDECF1FBCC+44]

ERROR:root:Finding followers failed: Message: 
Stacktrace:
	GetHandleVerifier [0x00007FF776E4CC05+28741]
	(No symbol) [0x00007FF776DAFED0]
	(No symbol) [0x00007FF776C44FBA]
	(No symbol) [0x00007FF776C99256]
	(No symbol) [0x00007FF776C9948C]
	(No symbol) [0x00007FF776CE3267]
	(No symbol) [0x00007FF776CBFE6F]
	(No symbol) [0x00007FF776CDFFE1]
	(No symbol) [0x00007FF776CBFBD3]
	(No symbol) [0x00007FF776C89F43]
	(No symbol) [0x00007FF776C8B2D1]
	GetHandleVerifier [0x00007FF77717DE3D+3375741]
	GetHandleVerifier [0x00007FF77719096A+3452330]
	GetHandleVerifier [0x00007FF77718671D+3410781]
	GetHandleVerifier [0x00007FF776F1653B+854395]
	(No symbol) [0x00007FF776DBBE0F]
	(No symbol) [0x00007FF776DB7714]
	(No symbol) [0x00007FF776DB78AD]
	(No symbol) [0x00007FF776DA6189]
	BaseThreadInitThunk [0x00007FFDEBDCE8D7+23]
	RtlUserThreadStart [0x00007FFDECF1FBCC+44]

ERROR:root:Logout failed: Message: 
Stacktrace:
	GetHandleVerifier [0x00007FF776E4CC05+28741]
	(No symbol) [0x00007FF776DAFED0]
	(No symbol) [0x00007FF776C44FBA]
	(No symbol) [0x00007FF776C99256]
	(No symbol) [0x00007FF776C9948C]
	(No symbol) [0x00007FF776CE3267]
	(No symbol) [0x00007FF776CBFE6F]
	(No symbol) [0x00007FF776CDFFE1]
	(No symbol) [0x00007FF776CBFBD3]
	(No symbol) [0x00007FF776C89F43]
	(No symbol) [0x00007FF776C8B2D1]
	GetHandleVerifier [0x00007FF77717DE3D+3375741]
	GetHandleVerifier [0x00007FF77719096A+3452330]
	GetHandleVerifier [0x00007FF77718671D+3410781]
	GetHandleVerifier [0x00007FF776F1653B+854395]
	(No symbol) [0x00007FF776DBBE0F]
	(No symbol) [0x00007FF776DB7714]
	(No symbol) [0x00007FF776DB78AD]
	(No symbol) [0x00007FF776DA6189]
	BaseThreadInitThunk [0x00007FFDEBDCE8D7+23]
	RtlUserThreadStart [0x00007FFDECF1FBCC+44]

ERROR:root:Finding followers failed: Message: 
Stacktrace:
	GetHandleVerifier [0x00007FF776E4CC05+28741]
	(No symbol) [0x00007FF776DAFED0]
	(No symbol) [0x00007FF776C44FBA]
	(No symbol) [0x00007FF776C99256]
	(No symbol) [0x00007FF776C9948C]
	(No symbol) [0x00007FF776CE3267]
	(No symbol) [0x00007FF776CBFE6F]
	(No symbol) [0x00007FF776CDFFE1]
	(No symbol) [0x00007FF776CBFBD3]
	(No symbol) [0x00007FF776C89F43]
	(No symbol) [0x00007FF776C8B2D1]
	GetHandleVerifier [0x00007FF77717DE3D+3375741]
	GetHandleVerifier [0x00007FF77719096A+3452330]
	GetHandleVerifier [0x00007FF77718671D+3410781]
	GetHandleVerifier [0x00007FF776F1653B+854395]
	(No symbol) [0x00007FF776DBBE0F]
	(No symbol) [0x00007FF776DB7714]
	(No symbol) [0x00007FF776DB78AD]
	(No symbol) [0x00007FF776DA6189]
	BaseThreadInitThunk [0x00007FFDEBDCE8D7+23]
	RtlUserThreadStart [0x00007FFDECF1FBCC+44]

ERROR:root:Logout failed: Message: 
Stacktrace:
	GetHandleVerifier [0x00007FF776E4CC05+28741]
	(No symbol) [0x00007FF776DAFED0]
	(No symbol) [0x00007FF776C44FBA]
	(No symbol) [0x00007FF776C99256]
	(No symbol) [0x00007FF776C9948C]
	(No symbol) [0x00007FF776CE3267]
	(No symbol) [0x00007FF776CBFE6F]
	(No symbol) [0x00007FF776CDFFE1]
	(No symbol) [0x00007FF776CBFBD3]
	(No symbol) [0x00007FF776C89F43]
	(No symbol) [0x00007FF776C8B2D1]
	GetHandleVerifier [0x00007FF77717DE3D+3375741]
	GetHandleVerifier [0x00007FF77719096A+3452330]
	GetHandleVerifier [0x00007FF77718671D+3410781]
	GetHandleVerifier [0x00007FF776F1653B+854395]
	(No symbol) [0x00007FF776DBBE0F]
	(No symbol) [0x00007FF776DB7714]
	(No symbol) [0x00007FF776DB78AD]
	(No symbol) [0x00007FF776DA6189]
	BaseThreadInitThunk [0x00007FFDEBDCE8D7+23]
	RtlUserThreadStart [0x00007FFDECF1FBCC+44]

ERROR:root:Finding followers failed: Message: 
Stacktrace:
	GetHandleVerifier [0x00007FF776E4CC05+28741]
	(No symbol) [0x00007FF776DAFED0]
	(No symbol) [0x00007FF776C44FBA]
	(No symbol) [0x00007FF776C99256]
	(No symbol) [0x00007FF776C9948C]
	(No symbol) [0x00007FF776CE3267]
	(No symbol) [0x00007FF776CBFE6F]
	(No symbol) [0x00007FF776CDFFE1]
	(No symbol) [0x00007FF776CBFBD3]
	(No symbol) [0x00007FF776C89F43]
	(No symbol) [0x00007FF776C8B2D1]
	GetHandleVerifier [0x00007FF77717DE3D+3375741]
	GetHandleVerifier [0x00007FF77719096A+3452330]
	GetHandleVerifier [0x00007FF77718671D+3410781]
	GetHandleVerifier [0x00007FF776F1653B+854395]
	(No symbol) [0x00007FF776DBBE0F]
	(No symbol) [0x00007FF776DB7714]
	(No symbol) [0x00007FF776DB78AD]
	(No symbol) [0x00007FF776DA6189]
	BaseThreadInitThunk [0x00007FFDEBDCE8D7+23]
	RtlUserThreadStart [0x00007FFDECF1FBCC+44]

ERROR:root:Finding followers failed: Message: no such window: target window already closed
from unknown error: web view not found
  (Session info: chrome=132.0.6834.110)
Stacktrace:
	GetHandleVerifier [0x00007FF776E4CC05+28741]
	(No symbol) [0x00007FF776DAFED0]
	(No symbol) [0x00007FF776C44FBA]
	(No symbol) [0x00007FF776C1ED55]
	(No symbol) [0x00007FF776CC6DE7]
	(No symbol) [0x00007FF776CDF8B2]
	(No symbol) [0x00007FF776CBFBD3]
	(No symbol) [0x00007FF776C89F43]
	(No symbol) [0x00007FF776C8B2D1]
	GetHandleVerifier [0x00007FF77717DE3D+3375741]
	GetHandleVerifier [0x00007FF77719096A+3452330]
	GetHandleVerifier [0x00007FF77718671D+3410781]
	GetHandleVerifier [0x00007FF776F1653B+854395]
	(No symbol) [0x00007FF776DBBE0F]
	(No symbol) [0x00007FF776DB7714]
	(No symbol) [0x00007FF776DB78AD]
	(No symbol) [0x00007FF776DA6189]
	BaseThreadInitThunk [0x00007FFDEBDCE8D7+23]
	RtlUserThreadStart [0x00007FFDECF1FBCC+44]

ERROR:root:Login failed: Message: no such window: target window already closed
from unknown error: web view not found
  (Session info: chrome=132.0.6834.110)
Stacktrace:
	GetHandleVerifier [0x00007FF776E4CC05+28741]
	(No symbol) [0x00007FF776DAFED0]
	(No symbol) [0x00007FF776C44FBA]
	(No symbol) [0x00007FF776C1ED55]
	(No symbol) [0x00007FF776CC6DE7]
	(No symbol) [0x00007FF776CDF8B2]
	(No symbol) [0x00007FF776CBFBD3]
	(No symbol) [0x00007FF776C89F43]
	(No symbol) [0x00007FF776C8B2D1]
	GetHandleVerifier [0x00007FF77717DE3D+3375741]
	GetHandleVerifier [0x00007FF77719096A+3452330]
	GetHandleVerifier [0x00007FF77718671D+3410781]
	GetHandleVerifier [0x00007FF776F1653B+854395]
	(No symbol) [0x00007FF776DBBE0F]
	(No symbol) [0x00007FF776DB7714]
	(No symbol) [0x00007FF776DB78AD]
	(No symbol) [0x00007FF776DA6189]
	BaseThreadInitThunk [0x00007FFDEBDCE8D7+23]
	RtlUserThreadStart [0x00007FFDECF1FBCC+44]

ERROR:root:Finding followers failed: Message: no such window: target window already closed
from unknown error: web view not found
  (Session info: chrome=132.0.6834.110)
Stacktrace:
	GetHandleVerifier [0x00007FF776E4CC05+28741]
	(No symbol) [0x00007FF776DAFED0]
	(No symbol) [0x00007FF776C44FBA]
	(No symbol) [0x00007FF776C1ED55]
	(No symbol) [0x00007FF776CC6DE7]
	(No symbol) [0x00007FF776CDF8B2]
	(No symbol) [0x00007FF776CBFBD3]
	(No symbol) [0x00007FF776C89F43]
	(No symbol) [0x00007FF776C8B2D1]
	GetHandleVerifier [0x00007FF77717DE3D+3375741]
	GetHandleVerifier [0x00007FF77719096A+3452330]
	GetHandleVerifier [0x00007FF77718671D+3410781]
	GetHandleVerifier [0x00007FF776F1653B+854395]
	(No symbol) [0x00007FF776DBBE0F]
	(No symbol) [0x00007FF776DB7714]
	(No symbol) [0x00007FF776DB78AD]
	(No symbol) [0x00007FF776DA6189]
	BaseThreadInitThunk [0x00007FFDEBDCE8D7+23]
	RtlUserThreadStart [0x00007FFDECF1FBCC+44]

ERROR:root:Finding followers failed: Message: 
Stacktrace:
	GetHandleVerifier [0x00007FF776E4CC05+28741]
	(No symbol) [0x00007FF776DAFED0]
	(No symbol) [0x00007FF776C44FBA]
	(No symbol) [0x00007FF776C99256]
	(No symbol) [0x00007FF776C9948C]
	(No symbol) [0x00007FF776CE3267]
	(No symbol) [0x00007FF776CBFE6F]
	(No symbol) [0x00007FF776CDFFE1]
	(No symbol) [0x00007FF776CBFBD3]
	(No symbol) [0x00007FF776C89F43]
	(No symbol) [0x00007FF776C8B2D1]
	GetHandleVerifier [0x00007FF77717DE3D+3375741]
	GetHandleVerifier [0x00007FF77719096A+3452330]
	GetHandleVerifier [0x00007FF77718671D+3410781]
	GetHandleVerifier [0x00007FF776F1653B+854395]
	(No symbol) [0x00007FF776DBBE0F]
	(No symbol) [0x00007FF776DB7714]
	(No symbol) [0x00007FF776DB78AD]
	(No symbol) [0x00007FF776DA6189]
	BaseThreadInitThunk [0x00007FFDEBDCE8D7+23]
	RtlUserThreadStart [0x00007FFDECF1FBCC+44]

ERROR:root:Finding followers failed: Message: 
Stacktrace:
	GetHandleVerifier [0x00007FF776E4CC05+28741]
	(No symbol) [0x00007FF776DAFED0]
	(No symbol) [0x00007FF776C44FBA]
	(No symbol) [0x00007FF776C99256]
	(No symbol) [0x00007FF776C9948C]
	(No symbol) [0x00007FF776CE3267]
	(No symbol) [0x00007FF776CBFE6F]
	(No symbol) [0x00007FF776CDFFE1]
	(No symbol) [0x00007FF776CBFBD3]
	(No symbol) [0x00007FF776C89F43]
	(No symbol) [0x00007FF776C8B2D1]
	GetHandleVerifier [0x00007FF77717DE3D+3375741]
	GetHandleVerifier [0x00007FF77719096A+3452330]
	GetHandleVerifier [0x00007FF77718671D+3410781]
	GetHandleVerifier [0x00007FF776F1653B+854395]
	(No symbol) [0x00007FF776DBBE0F]
	(No symbol) [0x00007FF776DB7714]
	(No symbol) [0x00007FF776DB78AD]
	(No symbol) [0x00007FF776DA6189]
	BaseThreadInitThunk [0x00007FFDEBDCE8D7+23]
	RtlUserThreadStart [0x00007FFDECF1FBCC+44]

ERROR:root:Finding followers failed: Message: no such window: target window already closed
from unknown error: web view not found
  (Session info: chrome=132.0.6834.110)
Stacktrace:
	GetHandleVerifier [0x00007FF776E4CC05+28741]
	(No symbol) [0x00007FF776DAFED0]
	(No symbol) [0x00007FF776C44FBA]
	(No symbol) [0x00007FF776C1ED55]
	(No symbol) [0x00007FF776CC6DE7]
	(No symbol) [0x00007FF776CDF8B2]
	(No symbol) [0x00007FF776CBFBD3]
	(No symbol) [0x00007FF776C89F43]
	(No symbol) [0x00007FF776C8B2D1]
	GetHandleVerifier [0x00007FF77717DE3D+3375741]
	GetHandleVerifier [0x00007FF77719096A+3452330]
	GetHandleVerifier [0x00007FF77718671D+3410781]
	GetHandleVerifier [0x00007FF776F1653B+854395]
	(No symbol) [0x00007FF776DBBE0F]
	(No symbol) [0x00007FF776DB7714]
	(No symbol) [0x00007FF776DB78AD]
	(No symbol) [0x00007FF776DA6189]
	BaseThreadInitThunk [0x00007FFDEBDCE8D7+23]
	RtlUserThreadStart [0x00007FFDECF1FBCC+44]

ERROR:root:Login failed: Message: 
Stacktrace:
	GetHandleVerifier [0x00007FF776E4CC05+28741]
	(No symbol) [0x00007FF776DAFED0]
	(No symbol) [0x00007FF776C44FBA]
	(No symbol) [0x00007FF776C99256]
	(No symbol) [0x00007FF776C9948C]
	(No symbol) [0x00007FF776CE3267]
	(No symbol) [0x00007FF776CBFE6F]
	(No symbol) [0x00007FF776CDFFE1]
	(No symbol) [0x00007FF776CBFBD3]
	(No symbol) [0x00007FF776C89F43]
	(No symbol) [0x00007FF776C8B2D1]
	GetHandleVerifier [0x00007FF77717DE3D+3375741]
	GetHandleVerifier [0x00007FF77719096A+3452330]
	GetHandleVerifier [0x00007FF77718671D+3410781]
	GetHandleVerifier [0x00007FF776F1653B+854395]
	(No symbol) [0x00007FF776DBBE0F]
	(No symbol) [0x00007FF776DB7714]
	(No symbol) [0x00007FF776DB78AD]
	(No symbol) [0x00007FF776DA6189]
	BaseThreadInitThunk [0x00007FFDEBDCE8D7+23]
	RtlUserThreadStart [0x00007FFDECF1FBCC+44]

ERROR:root:Login failed: Message: no such window: target window already closed
from unknown error: web view not found
  (Session info: chrome=132.0.6834.110)
Stacktrace:
	GetHandleVerifier [0x00007FF776E4CC05+28741]
	(No symbol) [0x00007FF776DAFED0]
	(No symbol) [0x00007FF776C44FBA]
	(No symbol) [0x00007FF776C1ED55]
	(No symbol) [0x00007FF776CC6DE7]
	(No symbol) [0x00007FF776CDF8B2]
	(No symbol) [0x00007FF776CBFBD3]
	(No symbol) [0x00007FF776C89F43]
	(No symbol) [0x00007FF776C8B2D1]
	GetHandleVerifier [0x00007FF77717DE3D+3375741]
	GetHandleVerifier [0x00007FF77719096A+3452330]
	GetHandleVerifier [0x00007FF77718671D+3410781]
	GetHandleVerifier [0x00007FF776F1653B+854395]
	(No symbol) [0x00007FF776DBBE0F]
	(No symbol) [0x00007FF776DB7714]
	(No symbol) [0x00007FF776DB78AD]
	(No symbol) [0x00007FF776DA6189]
	BaseThreadInitThunk [0x00007FFDEBDCE8D7+23]
	RtlUserThreadStart [0x00007FFDECF1FBCC+44]

ERROR:root:Login failed: Message: 
Stacktrace:
	GetHandleVerifier [0x00007FF776E4CC05+28741]
	(No symbol) [0x00007FF776DAFED0]
	(No symbol) [0x00007FF776C44FBA]
	(No symbol) [0x00007FF776C99256]
	(No symbol) [0x00007FF776C9948C]
	(No symbol) [0x00007FF776CE3267]
	(No symbol) [0x00007FF776CBFE6F]
	(No symbol) [0x00007FF776CDFFE1]
	(No symbol) [0x00007FF776CBFBD3]
	(No symbol) [0x00007FF776C89F43]
	(No symbol) [0x00007FF776C8B2D1]
	GetHandleVerifier [0x00007FF77717DE3D+3375741]
	GetHandleVerifier [0x00007FF77719096A+3452330]
	GetHandleVerifier [0x00007FF77718671D+3410781]
	GetHandleVerifier [0x00007FF776F1653B+854395]
	(No symbol) [0x00007FF776DBBE0F]
	(No symbol) [0x00007FF776DB7714]
	(No symbol) [0x00007FF776DB78AD]
	(No symbol) [0x00007FF776DA6189]
	BaseThreadInitThunk [0x00007FFDEBDCE8D7+23]
	RtlUserThreadStart [0x00007FFDECF1FBCC+44]

ERROR:root:Login failed: Message: 
Stacktrace:
	GetHandleVerifier [0x00007FF776E4CC05+28741]
	(No symbol) [0x00007FF776DAFED0]
	(No symbol) [0x00007FF776C44FBA]
	(No symbol) [0x00007FF776C99256]
	(No symbol) [0x00007FF776C9948C]
	(No symbol) [0x00007FF776CE3267]
	(No symbol) [0x00007FF776CBFE6F]
	(No symbol) [0x00007FF776CDFFE1]
	(No symbol) [0x00007FF776CBFBD3]
	(No symbol) [0x00007FF776C89F43]
	(No symbol) [0x00007FF776C8B2D1]
	GetHandleVerifier [0x00007FF77717DE3D+3375741]
	GetHandleVerifier [0x00007FF77719096A+3452330]
	GetHandleVerifier [0x00007FF77718671D+3410781]
	GetHandleVerifier [0x00007FF776F1653B+854395]
	(No symbol) [0x00007FF776DBBE0F]
	(No symbol) [0x00007FF776DB7714]
	(No symbol) [0x00007FF776DB78AD]
	(No symbol) [0x00007FF776DA6189]
	BaseThreadInitThunk [0x00007FFDEBDCE8D7+23]
	RtlUserThreadStart [0x00007FFDECF1FBCC+44]

ERROR:root:Login failed: Message: 
Stacktrace:
	GetHandleVerifier [0x00007FF776E4CC05+28741]
	(No symbol) [0x00007FF776DAFED0]
	(No symbol) [0x00007FF776C44FBA]
	(No symbol) [0x00007FF776C99256]
	(No symbol) [0x00007FF776C9948C]
	(No symbol) [0x00007FF776CE3267]
	(No symbol) [0x00007FF776CBFE6F]
	(No symbol) [0x00007FF776CDFFE1]
	(No symbol) [0x00007FF776CBFBD3]
	(No symbol) [0x00007FF776C89F43]
	(No symbol) [0x00007FF776C8B2D1]
	GetHandleVerifier [0x00007FF77717DE3D+3375741]
	GetHandleVerifier [0x00007FF77719096A+3452330]
	GetHandleVerifier [0x00007FF77718671D+3410781]
	GetHandleVerifier [0x00007FF776F1653B+854395]
	(No symbol) [0x00007FF776DBBE0F]
	(No symbol) [0x00007FF776DB7714]
	(No symbol) [0x00007FF776DB78AD]
	(No symbol) [0x00007FF776DA6189]
	BaseThreadInitThunk [0x00007FFDEBDCE8D7+23]
	RtlUserThreadStart [0x00007FFDECF1FBCC+44]

ERROR:root:Login failed: Message: 
Stacktrace:
	GetHandleVerifier [0x00007FF776E4CC05+28741]
	(No symbol) [0x00007FF776DAFED0]
	(No symbol) [0x00007FF776C44FBA]
	(No symbol) [0x00007FF776C99256]
	(No symbol) [0x00007FF776C9948C]
	(No symbol) [0x00007FF776CE3267]
	(No symbol) [0x00007FF776CBFE6F]
	(No symbol) [0x00007FF776CDFFE1]
	(No symbol) [0x00007FF776CBFBD3]
	(No symbol) [0x00007FF776C89F43]
	(No symbol) [0x00007FF776C8B2D1]
	GetHandleVerifier [0x00007FF77717DE3D+3375741]
	GetHandleVerifier [0x00007FF77719096A+3452330]
	GetHandleVerifier [0x00007FF77718671D+3410781]
	GetHandleVerifier [0x00007FF776F1653B+854395]
	(No symbol) [0x00007FF776DBBE0F]
	(No symbol) [0x00007FF776DB7714]
	(No symbol) [0x00007FF776DB78AD]
	(No symbol) [0x00007FF776DA6189]
	BaseThreadInitThunk [0x00007FFDEBDCE8D7+23]
	RtlUserThreadStart [0x00007FFDECF1FBCC+44]

ERROR:root:Login failed: Message: 
Stacktrace:
	GetHandleVerifier [0x00007FF776E4CC05+28741]
	(No symbol) [0x00007FF776DAFED0]
	(No symbol) [0x00007FF776C44FBA]
	(No symbol) [0x00007FF776C99256]
	(No symbol) [0x00007FF776C9948C]
	(No symbol) [0x00007FF776CE3267]
	(No symbol) [0x00007FF776CBFE6F]
	(No symbol) [0x00007FF776CDFFE1]
	(No symbol) [0x00007FF776CBFBD3]
	(No symbol) [0x00007FF776C89F43]
	(No symbol) [0x00007FF776C8B2D1]
	GetHandleVerifier [0x00007FF77717DE3D+3375741]
	GetHandleVerifier [0x00007FF77719096A+3452330]
	GetHandleVerifier [0x00007FF77718671D+3410781]
	GetHandleVerifier [0x00007FF776F1653B+854395]
	(No symbol) [0x00007FF776DBBE0F]
	(No symbol) [0x00007FF776DB7714]
	(No symbol) [0x00007FF776DB78AD]
	(No symbol) [0x00007FF776DA6189]
	BaseThreadInitThunk [0x00007FFDEBDCE8D7+23]
	RtlUserThreadStart [0x00007FFDECF1FBCC+44]

ERROR:root:Login failed: Message: 
Stacktrace:
	GetHandleVerifier [0x00007FF776E4CC05+28741]
	(No symbol) [0x00007FF776DAFED0]
	(No symbol) [0x00007FF776C44FBA]
	(No symbol) [0x00007FF776C99256]
	(No symbol) [0x00007FF776C9948C]
	(No symbol) [0x00007FF776CE3267]
	(No symbol) [0x00007FF776CBFE6F]
	(No symbol) [0x00007FF776CDFFE1]
	(No symbol) [0x00007FF776CBFBD3]
	(No symbol) [0x00007FF776C89F43]
	(No symbol) [0x00007FF776C8B2D1]
	GetHandleVerifier [0x00007FF77717DE3D+3375741]
	GetHandleVerifier [0x00007FF77719096A+3452330]
	GetHandleVerifier [0x00007FF77718671D+3410781]
	GetHandleVerifier [0x00007FF776F1653B+854395]
	(No symbol) [0x00007FF776DBBE0F]
	(No symbol) [0x00007FF776DB7714]
	(No symbol) [0x00007FF776DB78AD]
	(No symbol) [0x00007FF776DA6189]
	BaseThreadInitThunk [0x00007FFDEBDCE8D7+23]
	RtlUserThreadStart [0x00007FFDECF1FBCC+44]

ERROR:root:Login failed: Message: 
Stacktrace:
	GetHandleVerifier [0x00007FF776E4CC05+28741]
	(No symbol) [0x00007FF776DAFED0]
	(No symbol) [0x00007FF776C44FBA]
	(No symbol) [0x00007FF776C99256]
	(No symbol) [0x00007FF776C9948C]
	(No symbol) [0x00007FF776CE3267]
	(No symbol) [0x00007FF776CBFE6F]
	(No symbol) [0x00007FF776CDFFE1]
	(No symbol) [0x00007FF776CBFBD3]
	(No symbol) [0x00007FF776C89F43]
	(No symbol) [0x00007FF776C8B2D1]
	GetHandleVerifier [0x00007FF77717DE3D+3375741]
	GetHandleVerifier [0x00007FF77719096A+3452330]
	GetHandleVerifier [0x00007FF77718671D+3410781]
	GetHandleVerifier [0x00007FF776F1653B+854395]
	(No symbol) [0x00007FF776DBBE0F]
	(No symbol) [0x00007FF776DB7714]
	(No symbol) [0x00007FF776DB78AD]
	(No symbol) [0x00007FF776DA6189]
	BaseThreadInitThunk [0x00007FFDEBDCE8D7+23]
	RtlUserThreadStart [0x00007FFDECF1FBCC+44]

ERROR:root:Login failed: Message: 
Stacktrace:
	GetHandleVerifier [0x00007FF776E4CC05+28741]
	(No symbol) [0x00007FF776DAFED0]
	(No symbol) [0x00007FF776C44FBA]
	(No symbol) [0x00007FF776C99256]
	(No symbol) [0x00007FF776C9948C]
	(No symbol) [0x00007FF776CE3267]
	(No symbol) [0x00007FF776CBFE6F]
	(No symbol) [0x00007FF776CDFFE1]
	(No symbol) [0x00007FF776CBFBD3]
	(No symbol) [0x00007FF776C89F43]
	(No symbol) [0x00007FF776C8B2D1]
	GetHandleVerifier [0x00007FF77717DE3D+3375741]
	GetHandleVerifier [0x00007FF77719096A+3452330]
	GetHandleVerifier [0x00007FF77718671D+3410781]
	GetHandleVerifier [0x00007FF776F1653B+854395]
	(No symbol) [0x00007FF776DBBE0F]
	(No symbol) [0x00007FF776DB7714]
	(No symbol) [0x00007FF776DB78AD]
	(No symbol) [0x00007FF776DA6189]
	BaseThreadInitThunk [0x00007FFDEBDCE8D7+23]
	RtlUserThreadStart [0x00007FFDECF1FBCC+44]

ERROR:root:Login failed: Message: 
Stacktrace:
	GetHandleVerifier [0x00007FF776E4CC05+28741]
	(No symbol) [0x00007FF776DAFED0]
	(No symbol) [0x00007FF776C44FBA]
	(No symbol) [0x00007FF776C99256]
	(No symbol) [0x00007FF776C9948C]
	(No symbol) [0x00007FF776CE3267]
	(No symbol) [0x00007FF776CBFE6F]
	(No symbol) [0x00007FF776CDFFE1]
	(No symbol) [0x00007FF776CBFBD3]
	(No symbol) [0x00007FF776C89F43]
	(No symbol) [0x00007FF776C8B2D1]
	GetHandleVerifier [0x00007FF77717DE3D+3375741]
	GetHandleVerifier [0x00007FF77719096A+3452330]
	GetHandleVerifier [0x00007FF77718671D+3410781]
	GetHandleVerifier [0x00007FF776F1653B+854395]
	(No symbol) [0x00007FF776DBBE0F]
	(No symbol) [0x00007FF776DB7714]
	(No symbol) [0x00007FF776DB78AD]
	(No symbol) [0x00007FF776DA6189]
	BaseThreadInitThunk [0x00007FFDEBDCE8D7+23]
	RtlUserThreadStart [0x00007FFDECF1FBCC+44]

ERROR:root:Login failed: Message: 
Stacktrace:
	GetHandleVerifier [0x00007FF776E4CC05+28741]
	(No symbol) [0x00007FF776DAFED0]
	(No symbol) [0x00007FF776C44FBA]
	(No symbol) [0x00007FF776C99256]
	(No symbol) [0x00007FF776C9948C]
	(No symbol) [0x00007FF776CE3267]
	(No symbol) [0x00007FF776CBFE6F]
	(No symbol) [0x00007FF776CDFFE1]
	(No symbol) [0x00007FF776CBFBD3]
	(No symbol) [0x00007FF776C89F43]
	(No symbol) [0x00007FF776C8B2D1]
	GetHandleVerifier [0x00007FF77717DE3D+3375741]
	GetHandleVerifier [0x00007FF77719096A+3452330]
	GetHandleVerifier [0x00007FF77718671D+3410781]
	GetHandleVerifier [0x00007FF776F1653B+854395]
	(No symbol) [0x00007FF776DBBE0F]
	(No symbol) [0x00007FF776DB7714]
	(No symbol) [0x00007FF776DB78AD]
	(No symbol) [0x00007FF776DA6189]
	BaseThreadInitThunk [0x00007FFDEBDCE8D7+23]
	RtlUserThreadStart [0x00007FFDECF1FBCC+44]

ERROR:root:Login failed: Message: 
Stacktrace:
	GetHandleVerifier [0x00007FF776E4CC05+28741]
	(No symbol) [0x00007FF776DAFED0]
	(No symbol) [0x00007FF776C44FBA]
	(No symbol) [0x00007FF776C99256]
	(No symbol) [0x00007FF776C9948C]
	(No symbol) [0x00007FF776CE3267]
	(No symbol) [0x00007FF776CBFE6F]
	(No symbol) [0x00007FF776CDFFE1]
	(No symbol) [0x00007FF776CBFBD3]
	(No symbol) [0x00007FF776C89F43]
	(No symbol) [0x00007FF776C8B2D1]
	GetHandleVerifier [0x00007FF77717DE3D+3375741]
	GetHandleVerifier [0x00007FF77719096A+3452330]
	GetHandleVerifier [0x00007FF77718671D+3410781]
	GetHandleVerifier [0x00007FF776F1653B+854395]
	(No symbol) [0x00007FF776DBBE0F]
	(No symbol) [0x00007FF776DB7714]
	(No symbol) [0x00007FF776DB78AD]
	(No symbol) [0x00007FF776DA6189]
	BaseThreadInitThunk [0x00007FFDEBDCE8D7+23]
	RtlUserThreadStart [0x00007FFDECF1FBCC+44]

ERROR:root:Login failed: Message: 
Stacktrace:
	GetHandleVerifier [0x00007FF776E4CC05+28741]
	(No symbol) [0x00007FF776DAFED0]
	(No symbol) [0x00007FF776C44FBA]
	(No symbol) [0x00007FF776C99256]
	(No symbol) [0x00007FF776C9948C]
	(No symbol) [0x00007FF776CE3267]
	(No symbol) [0x00007FF776CBFE6F]
	(No symbol) [0x00007FF776CDFFE1]
	(No symbol) [0x00007FF776CBFBD3]
	(No symbol) [0x00007FF776C89F43]
	(No symbol) [0x00007FF776C8B2D1]
	GetHandleVerifier [0x00007FF77717DE3D+3375741]
	GetHandleVerifier [0x00007FF77719096A+3452330]
	GetHandleVerifier [0x00007FF77718671D+3410781]
	GetHandleVerifier [0x00007FF776F1653B+854395]
	(No symbol) [0x00007FF776DBBE0F]
	(No symbol) [0x00007FF776DB7714]
	(No symbol) [0x00007FF776DB78AD]
	(No symbol) [0x00007FF776DA6189]
	BaseThreadInitThunk [0x00007FFDEBDCE8D7+23]
	RtlUserThreadStart [0x00007FFDECF1FBCC+44]

ERROR:root:Login failed due to timeout: Message: 
Stacktrace:
	GetHandleVerifier [0x00007FF776E4CC05+28741]
	(No symbol) [0x00007FF776DAFED0]
	(No symbol) [0x00007FF776C44FBA]
	(No symbol) [0x00007FF776C99256]
	(No symbol) [0x00007FF776C9948C]
	(No symbol) [0x00007FF776CE3267]
	(No symbol) [0x00007FF776CBFE6F]
	(No symbol) [0x00007FF776CDFFE1]
	(No symbol) [0x00007FF776CBFBD3]
	(No symbol) [0x00007FF776C89F43]
	(No symbol) [0x00007FF776C8B2D1]
	GetHandleVerifier [0x00007FF77717DE3D+3375741]
	GetHandleVerifier [0x00007FF77719096A+3452330]
	GetHandleVerifier [0x00007FF77718671D+3410781]
	GetHandleVerifier [0x00007FF776F1653B+854395]
	(No symbol) [0x00007FF776DBBE0F]
	(No symbol) [0x00007FF776DB7714]
	(No symbol) [0x00007FF776DB78AD]
	(No symbol) [0x00007FF776DA6189]
	BaseThreadInitThunk [0x00007FFDEBDCE8D7+23]
	RtlUserThreadStart [0x00007FFDECF1FBCC+44]

INFO:root:Restarting browser...
ERROR:root:Login failed: Message: 
Stacktrace:
	GetHandleVerifier [0x00007FF776E4CC05+28741]
	(No symbol) [0x00007FF776DAFED0]
	(No symbol) [0x00007FF776C44FBA]
	(No symbol) [0x00007FF776C99256]
	(No symbol) [0x00007FF776C9948C]
	(No symbol) [0x00007FF776CE3267]
	(No symbol) [0x00007FF776CBFE6F]
	(No symbol) [0x00007FF776CDFFE1]
	(No symbol) [0x00007FF776CBFBD3]
	(No symbol) [0x00007FF776C89F43]
	(No symbol) [0x00007FF776C8B2D1]
	GetHandleVerifier [0x00007FF77717DE3D+3375741]
	GetHandleVerifier [0x00007FF77719096A+3452330]
	GetHandleVerifier [0x00007FF77718671D+3410781]
	GetHandleVerifier [0x00007FF776F1653B+854395]
	(No symbol) [0x00007FF776DBBE0F]
	(No symbol) [0x00007FF776DB7714]
	(No symbol) [0x00007FF776DB78AD]
	(No symbol) [0x00007FF776DA6189]
	BaseThreadInitThunk [0x00007FFDEBDCE8D7+23]
	RtlUserThreadStart [0x00007FFDECF1FBCC+44]

INFO:root:Restarting browser...
ERROR:root:Login failed: Message: 
Stacktrace:
	GetHandleVerifier [0x00007FF776E4CC05+28741]
	(No symbol) [0x00007FF776DAFED0]
	(No symbol) [0x00007FF776C44FBA]
	(No symbol) [0x00007FF776C99256]
	(No symbol) [0x00007FF776C9948C]
	(No symbol) [0x00007FF776CE3267]
	(No symbol) [0x00007FF776CBFE6F]
	(No symbol) [0x00007FF776CDFFE1]
	(No symbol) [0x00007FF776CBFBD3]
	(No symbol) [0x00007FF776C89F43]
	(No symbol) [0x00007FF776C8B2D1]
	GetHandleVerifier [0x00007FF77717DE3D+3375741]
	GetHandleVerifier [0x00007FF77719096A+3452330]
	GetHandleVerifier [0x00007FF77718671D+3410781]
	GetHandleVerifier [0x00007FF776F1653B+854395]
	(No symbol) [0x00007FF776DBBE0F]
	(No symbol) [0x00007FF776DB7714]
	(No symbol) [0x00007FF776DB78AD]
	(No symbol) [0x00007FF776DA6189]
	BaseThreadInitThunk [0x00007FFDEBDCE8D7+23]
	RtlUserThreadStart [0x00007FFDECF1FBCC+44]

INFO:root:Restarting browser...
ERROR:root:Login failed: Message: 
Stacktrace:
	GetHandleVerifier [0x00007FF776E4CC05+28741]
	(No symbol) [0x00007FF776DAFED0]
	(No symbol) [0x00007FF776C44FBA]
	(No symbol) [0x00007FF776C99256]
	(No symbol) [0x00007FF776C9948C]
	(No symbol) [0x00007FF776CE3267]
	(No symbol) [0x00007FF776CBFE6F]
	(No symbol) [0x00007FF776CDFFE1]
	(No symbol) [0x00007FF776CBFBD3]
	(No symbol) [0x00007FF776C89F43]
	(No symbol) [0x00007FF776C8B2D1]
	GetHandleVerifier [0x00007FF77717DE3D+3375741]
	GetHandleVerifier [0x00007FF77719096A+3452330]
	GetHandleVerifier [0x00007FF77718671D+3410781]
	GetHandleVerifier [0x00007FF776F1653B+854395]
	(No symbol) [0x00007FF776DBBE0F]
	(No symbol) [0x00007FF776DB7714]
	(No symbol) [0x00007FF776DB78AD]
	(No symbol) [0x00007FF776DA6189]
	BaseThreadInitThunk [0x00007FFDEBDCE8D7+23]
	RtlUserThreadStart [0x00007FFDECF1FBCC+44]

INFO:root:Restarting browser...
ERROR:root:Login failed after multiple attempts.
2025-01-26 03:22:02,374 - ERROR - Login failed: Message: unknown error: net::ERR_PROXY_CONNECTION_FAILED
  (Session info: chrome=132.0.6834.110)
Stacktrace:
	GetHandleVerifier [0x00007FF776E4CC05+28741]
	(No symbol) [0x00007FF776DAFED0]
	(No symbol) [0x00007FF776C44FBA]
	(No symbol) [0x00007FF776C42711]
	(No symbol) [0x00007FF776C33409]
	(No symbol) [0x00007FF776C3515F]
	(No symbol) [0x00007FF776C336CF]
	(No symbol) [0x00007FF776C3319D]
	(No symbol) [0x00007FF776C32E6A]
	(No symbol) [0x00007FF776C30C84]
	(No symbol) [0x00007FF776C3130C]
	(No symbol) [0x00007FF776C480FA]
	(No symbol) [0x00007FF776CE0E0E]
	(No symbol) [0x00007FF776CBFE2A]
	(No symbol) [0x00007FF776CDFFE1]
	(No symbol) [0x00007FF776CBFBD3]
	(No symbol) [0x00007FF776C89F43]
	(No symbol) [0x00007FF776C8B2D1]
	GetHandleVerifier [0x00007FF77717DE3D+3375741]
	GetHandleVerifier [0x00007FF77719096A+3452330]
	GetHandleVerifier [0x00007FF77718671D+3410781]
	GetHandleVerifier [0x00007FF776F1653B+854395]
	(No symbol) [0x00007FF776DBBE0F]
	(No symbol) [0x00007FF776DB7714]
	(No symbol) [0x00007FF776DB78AD]
	(No symbol) [0x00007FF776DA6189]
	BaseThreadInitThunk [0x00007FFDEBDCE8D7+23]
	RtlUserThreadStart [0x00007FFDECF1FBCC+44]

2025-01-26 03:22:02,375 - INFO - Restarting browser...
2025-01-26 03:22:09,089 - ERROR - Login failed: Message: unknown error: net::ERR_PROXY_CONNECTION_FAILED
  (Session info: chrome=132.0.6834.110)
Stacktrace:
	GetHandleVerifier [0x00007FF776E4CC05+28741]
	(No symbol) [0x00007FF776DAFED0]
	(No symbol) [0x00007FF776C44FBA]
	(No symbol) [0x00007FF776C42711]
	(No symbol) [0x00007FF776C33409]
	(No symbol) [0x00007FF776C3515F]
	(No symbol) [0x00007FF776C336CF]
	(No symbol) [0x00007FF776C3319D]
	(No symbol) [0x00007FF776C32E6A]
	(No symbol) [0x00007FF776C30C84]
	(No symbol) [0x00007FF776C3130C]
	(No symbol) [0x00007FF776C480FA]
	(No symbol) [0x00007FF776CE0E0E]
	(No symbol) [0x00007FF776CBFE2A]
	(No symbol) [0x00007FF776CDFFE1]
	(No symbol) [0x00007FF776CBFBD3]
	(No symbol) [0x00007FF776C89F43]
	(No symbol) [0x00007FF776C8B2D1]
	GetHandleVerifier [0x00007FF77717DE3D+3375741]
	GetHandleVerifier [0x00007FF77719096A+3452330]
	GetHandleVerifier [0x00007FF77718671D+3410781]
	GetHandleVerifier [0x00007FF776F1653B+854395]
	(No symbol) [0x00007FF776DBBE0F]
	(No symbol) [0x00007FF776DB7714]
	(No symbol) [0x00007FF776DB78AD]
	(No symbol) [0x00007FF776DA6189]
	BaseThreadInitThunk [0x00007FFDEBDCE8D7+23]
	RtlUserThreadStart [0x00007FFDECF1FBCC+44]

2025-01-26 03:22:09,089 - INFO - Restarting browser...
2025-01-26 03:22:15,769 - ERROR - Login failed: Message: unknown error: net::ERR_PROXY_CONNECTION_FAILED
  (Session info: chrome=132.0.6834.110)
Stacktrace:
	GetHandleVerifier [0x00007FF776E4CC05+28741]
	(No symbol) [0x00007FF776DAFED0]
	(No symbol) [0x00007FF776C44FBA]
	(No symbol) [0x00007FF776C42711]
	(No symbol) [0x00007FF776C33409]
	(No symbol) [0x00007FF776C3515F]
	(No symbol) [0x00007FF776C336CF]
	(No symbol) [0x00007FF776C3319D]
	(No symbol) [0x00007FF776C32E6A]
	(No symbol) [0x00007FF776C30C84]
	(No symbol) [0x00007FF776C3130C]
	(No symbol) [0x00007FF776C480FA]
	(No symbol) [0x00007FF776CE0E0E]
	(No symbol) [0x00007FF776CBFE2A]
	(No symbol) [0x00007FF776CDFFE1]
	(No symbol) [0x00007FF776CBFBD3]
	(No symbol) [0x00007FF776C89F43]
	(No symbol) [0x00007FF776C8B2D1]
	GetHandleVerifier [0x00007FF77717DE3D+3375741]
	GetHandleVerifier [0x00007FF77719096A+3452330]
	GetHandleVerifier [0x00007FF77718671D+3410781]
	GetHandleVerifier [0x00007FF776F1653B+854395]
	(No symbol) [0x00007FF776DBBE0F]
	(No symbol) [0x00007FF776DB7714]
	(No symbol) [0x00007FF776DB78AD]
	(No symbol) [0x00007FF776DA6189]
	BaseThreadInitThunk [0x00007FFDEBDCE8D7+23]
	RtlUserThreadStart [0x00007FFDECF1FBCC+44]

2025-01-26 03:22:15,769 - INFO - Restarting browser...
2025-01-26 03:22:22,322 - ERROR - Login failed after multiple attempts.
ERROR:root:Login failed due to timeout: Message: 
Stacktrace:
	GetHandleVerifier [0x00007FF776E4CC05+28741]
	(No symbol) [0x00007FF776DAFED0]
	(No symbol) [0x00007FF776C44FBA]
	(No symbol) [0x00007FF776C99256]
	(No symbol) [0x00007FF776C9948C]
	(No symbol) [0x00007FF776CE3267]
	(No symbol) [0x00007FF776CBFE6F]
	(No symbol) [0x00007FF776CDFFE1]
	(No symbol) [0x00007FF776CBFBD3]
	(No symbol) [0x00007FF776C89F43]
	(No symbol) [0x00007FF776C8B2D1]
	GetHandleVerifier [0x00007FF77717DE3D+3375741]
	GetHandleVerifier [0x00007FF77719096A+3452330]
	GetHandleVerifier [0x00007FF77718671D+3410781]
	GetHandleVerifier [0x00007FF776F1653B+854395]
	(No symbol) [0x00007FF776DBBE0F]
	(No symbol) [0x00007FF776DB7714]
	(No symbol) [0x00007FF776DB78AD]
	(No symbol) [0x00007FF776DA6189]
	BaseThreadInitThunk [0x00007FFDEBDCE8D7+23]
	RtlUserThreadStart [0x00007FFDECF1FBCC+44]

INFO:root:Restarting browser...
ERROR:root:Login failed due to timeout: Message: 
Stacktrace:
	GetHandleVerifier [0x00007FF776E4CC05+28741]
	(No symbol) [0x00007FF776DAFED0]
	(No symbol) [0x00007FF776C44FBA]
	(No symbol) [0x00007FF776C99256]
	(No symbol) [0x00007FF776C9948C]
	(No symbol) [0x00007FF776CE3267]
	(No symbol) [0x00007FF776CBFE6F]
	(No symbol) [0x00007FF776CDFFE1]
	(No symbol) [0x00007FF776CBFBD3]
	(No symbol) [0x00007FF776C89F43]
	(No symbol) [0x00007FF776C8B2D1]
	GetHandleVerifier [0x00007FF77717DE3D+3375741]
	GetHandleVerifier [0x00007FF77719096A+3452330]
	GetHandleVerifier [0x00007FF77718671D+3410781]
	GetHandleVerifier [0x00007FF776F1653B+854395]
	(No symbol) [0x00007FF776DBBE0F]
	(No symbol) [0x00007FF776DB7714]
	(No symbol) [0x00007FF776DB78AD]
	(No symbol) [0x00007FF776DA6189]
	BaseThreadInitThunk [0x00007FFDEBDCE8D7+23]
	RtlUserThreadStart [0x00007FFDECF1FBCC+44]

INFO:root:Restarting browser...
ERROR:root:Login failed due to timeout: Message: 
Stacktrace:
	GetHandleVerifier [0x00007FF776E4CC05+28741]
	(No symbol) [0x00007FF776DAFED0]
	(No symbol) [0x00007FF776C44FBA]
	(No symbol) [0x00007FF776C99256]
	(No symbol) [0x00007FF776C9948C]
	(No symbol) [0x00007FF776CE3267]
	(No symbol) [0x00007FF776CBFE6F]
	(No symbol) [0x00007FF776CDFFE1]
	(No symbol) [0x00007FF776CBFBD3]
	(No symbol) [0x00007FF776C89F43]
	(No symbol) [0x00007FF776C8B2D1]
	GetHandleVerifier [0x00007FF77717DE3D+3375741]
	GetHandleVerifier [0x00007FF77719096A+3452330]
	GetHandleVerifier [0x00007FF77718671D+3410781]
	GetHandleVerifier [0x00007FF776F1653B+854395]
	(No symbol) [0x00007FF776DBBE0F]
	(No symbol) [0x00007FF776DB7714]
	(No symbol) [0x00007FF776DB78AD]
	(No symbol) [0x00007FF776DA6189]
	BaseThreadInitThunk [0x00007FFDEBDCE8D7+23]
	RtlUserThreadStart [0x00007FFDECF1FBCC+44]

INFO:root:Restarting browser...
ERROR:root:Login failed due to timeout: Message: 
Stacktrace:
	GetHandleVerifier [0x00007FF776E4CC05+28741]
	(No symbol) [0x00007FF776DAFED0]
	(No symbol) [0x00007FF776C44FBA]
	(No symbol) [0x00007FF776C99256]
	(No symbol) [0x00007FF776C9948C]
	(No symbol) [0x00007FF776CE3267]
	(No symbol) [0x00007FF776CBFE6F]
	(No symbol) [0x00007FF776CDFFE1]
	(No symbol) [0x00007FF776CBFBD3]
	(No symbol) [0x00007FF776C89F43]
	(No symbol) [0x00007FF776C8B2D1]
	GetHandleVerifier [0x00007FF77717DE3D+3375741]
	GetHandleVerifier [0x00007FF77719096A+3452330]
	GetHandleVerifier [0x00007FF77718671D+3410781]
	GetHandleVerifier [0x00007FF776F1653B+854395]
	(No symbol) [0x00007FF776DBBE0F]
	(No symbol) [0x00007FF776DB7714]
	(No symbol) [0x00007FF776DB78AD]
	(No symbol) [0x00007FF776DA6189]
	BaseThreadInitThunk [0x00007FFDEBDCE8D7+23]
	RtlUserThreadStart [0x00007FFDECF1FBCC+44]

INFO:root:Restarting browser...
ERROR:root:Login failed due to timeout: Message: 
Stacktrace:
	GetHandleVerifier [0x00007FF776E4CC05+28741]
	(No symbol) [0x00007FF776DAFED0]
	(No symbol) [0x00007FF776C44FBA]
	(No symbol) [0x00007FF776C99256]
	(No symbol) [0x00007FF776C9948C]
	(No symbol) [0x00007FF776CE3267]
	(No symbol) [0x00007FF776CBFE6F]
	(No symbol) [0x00007FF776CDFFE1]
	(No symbol) [0x00007FF776CBFBD3]
	(No symbol) [0x00007FF776C89F43]
	(No symbol) [0x00007FF776C8B2D1]
	GetHandleVerifier [0x00007FF77717DE3D+3375741]
	GetHandleVerifier [0x00007FF77719096A+3452330]
	GetHandleVerifier [0x00007FF77718671D+3410781]
	GetHandleVerifier [0x00007FF776F1653B+854395]
	(No symbol) [0x00007FF776DBBE0F]
	(No symbol) [0x00007FF776DB7714]
	(No symbol) [0x00007FF776DB78AD]
	(No symbol) [0x00007FF776DA6189]
	BaseThreadInitThunk [0x00007FFDEBDCE8D7+23]
	RtlUserThreadStart [0x00007FFDECF1FBCC+44]

INFO:root:Restarting browser...
ERROR:root:Login failed due to timeout: Message: 
Stacktrace:
	GetHandleVerifier [0x00007FF776E4CC05+28741]
	(No symbol) [0x00007FF776DAFED0]
	(No symbol) [0x00007FF776C44FBA]
	(No symbol) [0x00007FF776C99256]
	(No symbol) [0x00007FF776C9948C]
	(No symbol) [0x00007FF776CE3267]
	(No symbol) [0x00007FF776CBFE6F]
	(No symbol) [0x00007FF776CDFFE1]
	(No symbol) [0x00007FF776CBFBD3]
	(No symbol) [0x00007FF776C89F43]
	(No symbol) [0x00007FF776C8B2D1]
	GetHandleVerifier [0x00007FF77717DE3D+3375741]
	GetHandleVerifier [0x00007FF77719096A+3452330]
	GetHandleVerifier [0x00007FF77718671D+3410781]
	GetHandleVerifier [0x00007FF776F1653B+854395]
	(No symbol) [0x00007FF776DBBE0F]
	(No symbol) [0x00007FF776DB7714]
	(No symbol) [0x00007FF776DB78AD]
	(No symbol) [0x00007FF776DA6189]
	BaseThreadInitThunk [0x00007FFDEBDCE8D7+23]
	RtlUserThreadStart [0x00007FFDECF1FBCC+44]

INFO:root:Restarting browser...
